2019-08-08 10:02:21,780 loginPage.py [line:27] INFO --------打开登录页面-----------
2019-08-08 10:02:23,838 loginPage.py [line:30] INFO 用户名:805256908@qq.com
2019-08-08 10:02:23,838 loginPage.py [line:31] INFO 密码:123456
2019-08-08 10:02:30,491 loginPage.py [line:42] INFO 点击了登录按钮,开始登录
2019-08-08 10:02:30,504 loginPage.py [line:51] INFO 登录成功
2019-08-08 10:02:43,250 loginPage.py [line:27] INFO --------打开登录页面-----------
2019-08-08 10:02:45,252 loginPage.py [line:30] INFO 用户名:805256908@qq.com
2019-08-08 10:02:45,252 loginPage.py [line:31] INFO 密码:123
2019-08-08 10:02:47,616 loginPage.py [line:42] INFO 点击了登录按钮,开始登录
2019-08-08 10:02:47,633 loginPage.py [line:47] INFO 登录失败,即将截图
2019-08-08 10:02:47,943 pageObject.py [line:31] ERROR 截图操作:登录失败
2019-08-08 10:03:05,538 loginPage.py [line:27] INFO --------打开登录页面-----------
2019-08-08 10:03:07,539 loginPage.py [line:30] INFO 用户名:805256908
2019-08-08 10:03:07,539 loginPage.py [line:31] INFO 密码:123456
2019-08-08 10:03:08,600 loginPage.py [line:42] INFO 点击了登录按钮,开始登录
2019-08-08 10:03:08,609 loginPage.py [line:47] INFO 登录失败,即将截图
2019-08-08 10:03:08,946 pageObject.py [line:31] ERROR 截图操作:登录失败
2019-08-08 10:22:06,227 loginPage.py [line:27] INFO --------打开登录页面-----------
2019-08-08 10:22:08,245 loginPage.py [line:30] INFO 用户名:805256908@qq.com
2019-08-08 10:22:08,247 loginPage.py [line:31] INFO 密码:123456
2019-08-08 10:22:13,806 loginPage.py [line:42] INFO 点击了登录按钮,开始登录
2019-08-08 10:22:14,229 loginPage.py [line:51] INFO 登录成功
2019-08-08 10:22:25,528 loginPage.py [line:27] INFO --------打开登录页面-----------
2019-08-08 10:22:27,542 loginPage.py [line:30] INFO 用户名:805256908@qq.com
2019-08-08 10:22:27,542 loginPage.py [line:31] INFO 密码:123
2019-08-08 10:22:28,721 loginPage.py [line:42] INFO 点击了登录按钮,开始登录
2019-08-08 10:22:28,739 loginPage.py [line:47] INFO 登录失败,即将截图
2019-08-08 10:22:29,339 pageObject.py [line:31] ERROR 截图操作:登录失败
2019-08-08 10:22:44,455 loginPage.py [line:27] INFO --------打开登录页面-----------
2019-08-08 10:22:46,463 loginPage.py [line:30] INFO 用户名:805256908
2019-08-08 10:22:46,464 loginPage.py [line:31] INFO 密码:123456
2019-08-08 10:22:47,496 loginPage.py [line:42] INFO 点击了登录按钮,开始登录
2019-08-08 10:22:47,510 loginPage.py [line:47] INFO 登录失败,即将截图
2019-08-08 10:22:48,085 pageObject.py [line:31] ERROR 截图操作:登录失败
